[debug] [2025-06-09T21:22:05.586Z] ----------------------------------------------------------------------
[debug] [2025-06-09T21:22:05.588Z] Command:       C:\Program Files\nodejs\node.exe C:\Users\Noe13\AppData\Roaming\npm\node_modules\firebase-tools\lib\bin\firebase.js init
[debug] [2025-06-09T21:22:05.589Z] CLI Version:   14.6.0
[debug] [2025-06-09T21:22:05.589Z] Platform:      win32
[debug] [2025-06-09T21:22:05.589Z] Node Version:  v22.14.0
[debug] [2025-06-09T21:22:05.589Z] Time:          Mon Jun 09 2025 15:22:05 GMT-0600 (hora estándar central)
[debug] [2025-06-09T21:22:05.589Z] ----------------------------------------------------------------------
[debug] 
[debug] [2025-06-09T21:22:05.594Z] > command requires scopes: ["email","openid","https://www.googleapis.com/auth/cloudplatformprojects.readonly","https://www.googleapis.com/auth/firebase","https://www.googleapis.com/auth/cloud-platform"]
[debug] [2025-06-09T21:22:05.594Z] > authorizing via signed-in user (nfioremg13@gmail.com)
[info] 
     ######## #### ########  ######## ########     ###     ######  ########
     ##        ##  ##     ## ##       ##     ##  ##   ##  ##       ##
     ######    ##  ########  ######   ########  #########  ######  ######
     ##        ##  ##    ##  ##       ##     ## ##     ##       ## ##
     ##       #### ##     ## ######## ########  ##     ##  ######  ########

You're about to initialize a Firebase project in this directory:

  C:\Users\Noe13\Documents\GitHub\HorizonStay\horizon-stay

[info] 
=== Project Setup
[info] 
[info] First, let's associate this project directory with a Firebase project.
[info] You can create multiple project aliases by running firebase use --add, 
[info] but for now we'll just set up a default project.
[info] 
[debug] [2025-06-09T21:23:08.985Z] ExitPromptError: User force closed the prompt with SIGINT
    at Interface.sigint (C:\Users\Noe13\AppData\Roaming\npm\node_modules\firebase-tools\node_modules\@inquirer\core\dist\commonjs\lib\create-prompt.js:101:37)
    at Interface.emit (node:events:518:28)
    at Interface.emit (node:domain:489:12)
    at [_ttyWrite] [as _ttyWrite] (node:internal/readline/interface:1124:18)
    at ReadStream.onkeypress (node:internal/readline/interface:263:20)
    at ReadStream.emit (node:events:530:35)
    at ReadStream.emit (node:domain:489:12)
    at emitKeys (node:internal/readline/utils:370:14)
    at emitKeys.next (<anonymous>)
    at ReadStream.onData (node:internal/readline/emitKeypressEvents:64:36)
[error] 
[error] Error: An unexpected error has occurred.
